BQMall	ref	22	52.741	6648.6000	39.8182	42.8634	44.3925	40.6718
BQMall	ref	27	40.756	3385.9800	37.0674	40.7512	41.9273	38.0206
BQMall	ref	32	34.494	1881.4200	34.1527	39.0197	39.8102	35.2655
BQMall	ref	37	31.564	1027.2000	31.1273	37.6185	38.3416	32.4337
BQMall	train_BDrv_PkS_PoS_5000_qp22_scale_svm_train_feat_10_qp22.txt	22	45.510	6634.2600	39.7963	42.8583	44.3896	40.6509
BQMall	train_BDrv_PkS_PoS_5000_qp27_scale_svm_train_feat_10_qp27.txt	27	33.670	3382.0800	37.0355	40.7376	41.9174	37.9880
BQMall	train_BDrv_PkS_PoS_5000_qp32_scale_svm_train_feat_10_qp32.txt	32	26.093	1874.8800	34.0909	38.9994	39.7972	35.2017
BQMall	train_BDrv_PkS_PoS_5000_qp37_scale_svm_train_feat_10_qp37.txt	37	22.177	1021.9800	31.0551	37.5983	38.3187	32.3585
BQMall	train_BDrv_PkS_PoS_5000_qp22_scale_svm_train_feat_6_10_qp22.txt	22	45.304	6634.2600	39.7963	42.8583	44.3896	40.6509
BQMall	train_BDrv_PkS_PoS_5000_qp27_scale_svm_train_feat_6_10_qp27.txt	27	32.202	3382.0800	37.0355	40.7376	41.9174	37.9880
BQMall	train_BDrv_PkS_PoS_5000_qp32_scale_svm_train_feat_6_10_qp32.txt	32	25.671	1874.8800	34.0909	38.9994	39.7972	35.2017
BQMall	train_BDrv_PkS_PoS_5000_qp37_scale_svm_train_feat_6_10_qp37.txt	37	22.068	1021.9800	31.0551	37.5983	38.3187	32.3585
BQMall	train_BDrv_PkS_PoS_5000_qp22_scale_svm_train_feat_9_10_qp22.txt	22	46.950	6640.2600	39.8050	42.8623	44.3908	40.6593
BQMall	train_BDrv_PkS_PoS_5000_qp27_scale_svm_train_feat_9_10_qp27.txt	27	33.474	3384.6000	37.0509	40.7430	41.9261	38.0040
BQMall	train_BDrv_PkS_PoS_5000_qp32_scale_svm_train_feat_9_10_qp32.txt	32	27.411	1877.2800	34.1315	39.0137	39.8001	35.2432
BQMall	train_BDrv_PkS_PoS_5000_qp37_scale_svm_train_feat_9_10_qp37.txt	37	23.131	1025.0400	31.1047	37.6089	38.3162	32.4088
BQMall	train_BDrv_PkS_PoS_5000_qp22_scale_svm_train_feat_2_6_9_10_qp22.txt	22	47.609	6640.2600	39.8050	42.8623	44.3908	40.6593
BQMall	train_BDrv_PkS_PoS_5000_qp27_scale_svm_train_feat_2_6_9_10_qp27.txt	27	33.277	3380.6400	37.0525	40.7377	41.9266	38.0050
BQMall	train_BDrv_PkS_PoS_5000_qp32_scale_svm_train_feat_2_6_9_10_qp32.txt	32	26.111	1873.0800	34.1104	39.0052	39.7934	35.2213
BQMall	train_BDrv_PkS_PoS_5000_qp37_scale_svm_train_feat_2_6_9_10_qp37.txt	37	22.131	1037.9400	31.0566	37.5999	38.3144	32.3603
BQMall	train_BDrv_PkS_PoS_5000_qp22_scale_svm_train_feat_6_9_10_qp22.txt	22	47.457	6638.4600	39.8063	42.8598	44.3909	40.6602
BQMall	train_BDrv_PkS_PoS_5000_qp27_scale_svm_train_feat_6_9_10_qp27.txt	27	33.853	3384.6000	37.0509	40.7430	41.9261	38.0040
BQMall	train_BDrv_PkS_PoS_5000_qp32_scale_svm_train_feat_6_9_10_qp32.txt	32	27.061	1877.2800	34.1315	39.0137	39.8001	35.2432
BQMall	train_BDrv_PkS_PoS_5000_qp37_scale_svm_train_feat_6_9_10_qp37.txt	37	22.416	1034.4000	31.0520	37.5964	38.3241	32.3552
